<?xml version="1.0" encoding="UTF-8"?>
<testng-results ignored="0" total="0" passed="0" failed="0" skipped="0">
  <reporter-output>
  </reporter-output>
  <suite started-at="2022-11-04T12:55:17 AEST" name="testAuotmation" finished-at="2022-11-04T12:55:17 AEST" duration-ms="14">
    <groups>
    </groups>
    <test started-at="2022-11-04T12:55:17 AEST" name="Test" finished-at="2022-11-04T12:55:17 AEST" duration-ms="14">
    </test> <!-- Test -->
  </suite> <!-- testAuotmation -->
</testng-results>
