<?xml version="1.0" encoding="UTF-8"?>
<!-- Generated by org.testng.reporters.JUnitXMLReporter -->
<testsuite ignored="0" hostname="DESKTOP-FFKH9HB" failures="0" tests="12" name="Test" time="0.09" errors="0" timestamp="2022-11-03T23:16:45 AEST">
  <testcase classname="TestNgpackage2.APIAutomation" name="api" time="0.009"/>
  <testcase classname="TestNgpackage2.APIAutomation" name="api1" time="0.002"/>
  <testcase classname="TestNgpackage2.APIAutomation" name="api2" time="0.001"/>
  <testcase classname="TestNgTest.TestNgFirstClass" name="demo" time="0.001"/>
  <testcase classname="TestNgTest.TestNgFirstClass" name="secondMethod" time="0.002"/>
  <testcase classname="TestNgpackage2.MobileAutomation" name="mobile" time="0.003"/>
  <testcase classname="TestNgpackage2.MobileAutomation" name="mobile1" time="0.002"/>
  <testcase classname="TestNgpackage2.MobileAutomation" name="mobile2" time="0.001"/>
  <testcase classname="TestNgTest.TestNgSecondClass" name="SecondClass" time="0.001"/>
  <testcase classname="TestNgpackage2.SeleniumAutomation" name="selenium" time="0.001"/>
  <testcase classname="TestNgpackage2.SeleniumAutomation" name="selenium1" time="0.001"/>
  <testcase classname="TestNgpackage2.SeleniumAutomation" name="selenium2" time="0.002"/>
</testsuite> <!-- Test -->
