<?xml version="1.0" encoding="UTF-8"?>
<!-- Generated by org.testng.reporters.JUnitXMLReporter -->
<testsuite ignored="2" hostname="DESKTOP-FFKH9HB" failures="0" tests="1" name="package2" time="0.002" errors="0" timestamp="2022-11-04T13:55:49 AEST">
  <testcase classname="TestNgTest.TestNgFirstClass" name="secondMethod" time="0.001"/>
  <testcase classname="TestNgTest.TestNgFirstClass" name="demo" time="0.0">
    <ignored/>
  </testcase> <!-- demo -->
  <testcase classname="TestNgTest.TestNgSecondClass" name="SecondClass" time="0.0">
    <ignored/>
  </testcase> <!-- SecondClass -->
</testsuite> <!-- package2 -->
