<?xml version="1.0" encoding="UTF-8"?>
<!-- Generated by org.testng.reporters.JUnitXMLReporter -->
<testsuite ignored="6" hostname="DESKTOP-FFKH9HB" failures="0" tests="3" name="package1" time="0.035" errors="0" timestamp="2022-11-04T13:55:49 AEST">
  <testcase classname="TestNgpackage2.APIAutomation" name="api" time="0.004"/>
  <testcase classname="TestNgpackage2.MobileAutomation" name="mobile" time="0.0"/>
  <testcase classname="TestNgpackage2.SeleniumAutomation" name="selenium" time="0.0"/>
  <testcase classname="TestNgpackage2.APIAutomation" name="api2" time="0.0">
    <ignored/>
  </testcase> <!-- api2 -->
  <testcase classname="TestNgpackage2.SeleniumAutomation" name="selenium1" time="0.0">
    <ignored/>
  </testcase> <!-- selenium1 -->
  <testcase classname="TestNgpackage2.SeleniumAutomation" name="selenium2" time="0.0">
    <ignored/>
  </testcase> <!-- selenium2 -->
  <testcase classname="TestNgpackage2.MobileAutomation" name="mobile2" time="0.0">
    <ignored/>
  </testcase> <!-- mobile2 -->
  <testcase classname="TestNgpackage2.APIAutomation" name="api1" time="0.0">
    <ignored/>
  </testcase> <!-- api1 -->
  <testcase classname="TestNgpackage2.MobileAutomation" name="mobile1" time="0.0">
    <ignored/>
  </testcase> <!-- mobile1 -->
</testsuite> <!-- package1 -->
