<?xml version="1.0" encoding="UTF-8"?>
<!-- Generated by org.testng.reporters.JUnitXMLReporter -->
<testsuite ignored="1" hostname="DESKTOP-FFKH9HB" failures="0" tests="8" name="Test" time="0.058" errors="0" timestamp="2022-11-04T23:32:29 AEST">
  <testcase classname="TestNgpackage2.APIAutomation" name="api2" time="0.005"/>
  <testcase classname="TestNgpackage2.APIAutomation" name="selenium1" time="0.0"/>
  <testcase classname="TestNgpackage2.APIAutomation" name="mobile" time="0.001"/>
  <testcase classname="TestNgpackage2.APIAutomation" name="mobile1" time="0.0"/>
  <testcase classname="TestNgpackage2.APIAutomation" name="mobile2" time="0.0"/>
  <testcase classname="TestNgpackage2.APIAutomation" name="selenium" time="0.001"/>
  <testcase classname="TestNgpackage2.APIAutomation" name="selenium2" time="0.001"/>
  <testcase classname="TestNgpackage2.APIAutomation" name="api" time="0.0"/>
  <testcase classname="TestNgpackage2.APIAutomation" name="api1" time="0.0">
    <ignored/>
  </testcase> <!-- api1 -->
</testsuite> <!-- Test -->
