<?xml version="1.0" encoding="UTF-8"?>
<!-- Generated by org.testng.reporters.JUnitXMLReporter -->
<testsuite ignored="0" hostname="DESKTOP-FFKH9HB" failures="0" tests="3" name="Test" time="0.036" errors="0" timestamp="2022-11-03T22:20:35 AEST">
  <testcase classname="TestNgTest.TestNgFirstClass" name="demo" time="0.004"/>
  <testcase classname="TestNgTest.TestNgFirstClass" name="secondMethod" time="0.0"/>
  <testcase classname="TestNgTest.TestNgSecondClass" name="SecondClass" time="0.0"/>
</testsuite> <!-- Test -->
